<?xml version="1.0" encoding="UTF-8"?>
<!-- Generated by org.testng.reporters.JUnitReportReporter -->
<testsuite skipped="0" hostname="DESKTOP-LVM8MUI" name="test.LoginPageTest" tests="2" failures="0" timestamp="05 Jun 2022 21:55:05 GMT" time="13.915" errors="0">
  <testcase name="pageTitleTest" time="6.784" classname="test.LoginPageTest"/>
  <testcase name="loginTest" time="7.131" classname="test.LoginPageTest"/>
</testsuite> <!-- test.LoginPageTest -->
